Removed Pin From Net: NetName=GND Pin=R3-1
Removed Pin From Net: NetName=GND Pin=U2-4
Removed Pin From Net: NetName=GND Pin=U3-4
Removed Pin From Net: NetName=GND Pin=U4-4
Removed Pin From Net: NetName=GND Pin=U5-8
Removed Pin From Net: NetName=GND Pin=U6-8
Added Component: Designator=R4(R0603)
Add component (AddParameter): Name = "LatestRevisionDate"; Value = "29-May-2009"; VariantName = "[No Variations]"
Add component (AddParameter): Name = "LatestRevisionNote"; Value = "IPC-7351 Footprint Added."; VariantName = "[No Variations]"
Add component (AddParameter): Name = "PackageDescription"; Value = "Chip Resistor"; VariantName = "[No Variations]"
Add component (AddParameter): Name = "PackageReference"; Value = "J1-0603"; VariantName = "[No Variations]"
Add component (AddParameter): Name = "Published"; Value = "8-Jun-2000"; VariantName = "[No Variations]"
Add component (AddParameter): Name = "Publisher"; Value = "Altium Limited"; VariantName = "[No Variations]"
Add component (AddParameter): Name = "Value"; Value = ""; VariantName = "[No Variations]"
Added Pin To Net: NetName=GND Pin=R4-2
Added Pin To Net: NetName=AGND Pin=R3-1
Added Pin To Net: NetName=AGND Pin=R4-1
Added Pin To Net: NetName=AGND Pin=U2-4
Added Pin To Net: NetName=AGND Pin=U3-4
Added Pin To Net: NetName=AGND Pin=U4-4
Added Pin To Net: NetName=AGND Pin=U5-8
Added Pin To Net: NetName=AGND Pin=U6-8
Added Net: Name=AGND
Added Member To Class: ClassName=Sampling_Board Member=Component C1 TAJA106K016RNJ
Added Member To Class: ClassName=Sampling_Board Member=Component FU1 FUSE 1A
Added Member To Class: ClassName=Sampling_Board Member=Component J1 Header 10X1
Added Member To Class: ClassName=Sampling_Board Member=Component J2 Header 10X1
Added Member To Class: ClassName=Sampling_Board Member=Component LED1 NCD0603G2
Added Member To Class: ClassName=Sampling_Board Member=Component R1 1k
Added Member To Class: ClassName=Sampling_Board Member=Component R2 5.1k
Added Member To Class: ClassName=Sampling_Board Member=Component R3 5.1k
Added Member To Class: ClassName=Sampling_Board Member=Component R4 0¦¸
Added Member To Class: ClassName=Sampling_Board Member=Component RN1 Res*4
Added Member To Class: ClassName=Sampling_Board Member=Component RN2 Res*4
Added Member To Class: ClassName=Sampling_Board Member=Component RN3 Res*4
Added Member To Class: ClassName=Sampling_Board Member=Component U1 JY901B
Added Member To Class: ClassName=Sampling_Board Member=Component U2 LM358AD
Added Member To Class: ClassName=Sampling_Board Member=Component U3 LM358AD
Added Member To Class: ClassName=Sampling_Board Member=Component U4 LM358AD
Added Member To Class: ClassName=Sampling_Board Member=Component U5 ADG708BRUZ
Added Member To Class: ClassName=Sampling_Board Member=Component U6 ADG708BRUZ
Added Member To Class: ClassName=Sampling_Board Member=Component U7 ADG708BRUZ
Added Member To Class: ClassName=Sampling_Board Member=Component U8 AMS1117-3.3
Added Room: Name=Sampling_Board
