Change Component Comment : Designator=U8 Old Comment=AMS1117-3.3 New Comment=LD1117-1.2
Added Member To Class: ClassName=Sampling_Board Member=Component C1 TAJA106K016RNJ
Added Member To Class: ClassName=Sampling_Board Member=Component FU1 FUSE 1A
Added Member To Class: ClassName=Sampling_Board Member=Component J1 Header 10X1
Added Member To Class: ClassName=Sampling_Board Member=Component J2 Header 10X1
Added Member To Class: ClassName=Sampling_Board Member=Component LED1 NCD0603G2
Added Member To Class: ClassName=Sampling_Board Member=Component R1 1k
Added Member To Class: ClassName=Sampling_Board Member=Component R2 5.1k
Added Member To Class: ClassName=Sampling_Board Member=Component R3 5.1k
Added Member To Class: ClassName=Sampling_Board Member=Component R4 0¦¸
Added Member To Class: ClassName=Sampling_Board Member=Component RN1 Res*4
Added Member To Class: ClassName=Sampling_Board Member=Component RN2 Res*4
Added Member To Class: ClassName=Sampling_Board Member=Component RN3 Res*4
Added Member To Class: ClassName=Sampling_Board Member=Component U1 JY901B
Added Member To Class: ClassName=Sampling_Board Member=Component U2 LM358AD
Added Member To Class: ClassName=Sampling_Board Member=Component U3 LM358AD
Added Member To Class: ClassName=Sampling_Board Member=Component U4 LM358AD
Added Member To Class: ClassName=Sampling_Board Member=Component U5 ADG708BRUZ
Added Member To Class: ClassName=Sampling_Board Member=Component U6 ADG708BRUZ
Added Member To Class: ClassName=Sampling_Board Member=Component U7 ADG708BRUZ
Added Member To Class: ClassName=Sampling_Board Member=Component U8 LD1117-1.2
Added Room: Name=Sampling_Board
