Add Component: Footprint Not Found 
Add Component: Footprint Not Found 
Add Component: Footprint Not Found 
Added Component: Designator=LED5(LED0603-RD)
Add component (AddParameter): Name = "Add into BOM"; Value = "yes"; VariantName = "[No Variations]"
Add component (AddParameter): Name = "Convert to PCB"; Value = "yes"; VariantName = "[No Variations]"
Add component (AddParameter): Name = "Datasheet"; Value = "https://atta.szlcsc.com/upload/public/pdf/source/20200820/C87326_434E337B13CFAB9A1423E0838CFDDDAC.pdf"; VariantName = "[No Variations]"
Add component (AddParameter): Name = "Device"; Value = "NCD0603G2"; VariantName = "[No Variations]"
Add component (AddParameter): Name = "Emitted Color"; Value = "´äÂÌ"; VariantName = "[No Variations]"
Add component (AddParameter): Name = "JLCPCB Part Class"; Value = "Extended Part"; VariantName = "[No Variations]"
Add component (AddParameter): Name = "LCSC Part Name"; Value = "´äÂÌ"; VariantName = "[No Variations]"
Add component (AddParameter): Name = "Manufacturer"; Value = "¹úÐÇ¹âµç"; VariantName = "[No Variations]"
Add component (AddParameter): Name = "Manufacturer Part"; Value = "NCD0603G2"; VariantName = "[No Variations]"
Add component (AddParameter): Name = "Name"; Value = "NCD0603G2"; VariantName = "[No Variations]"
Add component (AddParameter): Name = "Supplier"; Value = "LCSC"; VariantName = "[No Variations]"
Add component (AddParameter): Name = "Supplier Footprint"; Value = "0603"; VariantName = "[No Variations]"
Add component (AddParameter): Name = "Supplier Part"; Value = "C87326"; VariantName = "[No Variations]"
Add component (AddParameter): Name = "Symbol"; Value = "FC-1608UGK-520D"; VariantName = "[No Variations]"
Added Component: Designator=R9(R0603)
Add component (AddParameter): Name = "LatestRevisionDate"; Value = "29-May-2009"; VariantName = "[No Variations]"
Add component (AddParameter): Name = "LatestRevisionNote"; Value = "IPC-7351 Footprint Added."; VariantName = "[No Variations]"
Add component (AddParameter): Name = "PackageDescription"; Value = "Chip Resistor"; VariantName = "[No Variations]"
Add component (AddParameter): Name = "PackageReference"; Value = "J1-0603"; VariantName = "[No Variations]"
Add component (AddParameter): Name = "Published"; Value = "8-Jun-2000"; VariantName = "[No Variations]"
Add component (AddParameter): Name = "Publisher"; Value = "Altium Limited"; VariantName = "[No Variations]"
Add component (AddParameter): Name = "Value"; Value = ""; VariantName = "[No Variations]"
Add Pin To Net: Unknown Pin: Pin D1-1
Add Pin To Net: Unknown Pin: Pin D1-2
Add Pin To Net: Unknown Pin: Pin D2-1
Add Pin To Net: Unknown Pin: Pin D2-2
Add Pin To Net: Unknown Pin: Pin D3-1
Add Pin To Net: Unknown Pin: Pin D3-2
Added Pin To Net: NetName=GND Pin=LED5-1
Added Pin To Net: NetName=VCC-3.3 Pin=R9-2
Added Pin To Net: NetName=NetLED5_2 Pin=LED5-2
Added Pin To Net: NetName=NetLED5_2 Pin=R9-1
Added Net: Name=NetLED5_2
Add Class Member: Failed to add class member : Component D1 LESD5D5.0CT1G
Add Class Member: Failed to add class member : Component D2 LESD5D5.0CT1G
Add Class Member: Failed to add class member : Component D3 LESD5D5.0CT1G
Added Member To Class: ClassName=MCU_Board Member=Component LED5 NCD0603G2
Added Member To Class: ClassName=MCU_Board Member=Component R9 1k
Added Room: Name=MCU_Board
