Change Physical Footprint: Designator=25% Old Footprint=LED0603-RD New Footprint=LED0603-RD
Change Physical Footprint: Designator=50% Old Footprint=LED0603-RD New Footprint=LED0603-RD
Change Physical Footprint: Designator=75% Old Footprint=LED0603-RD New Footprint=LED0603-RD
Change Physical Footprint: Designator=100% Old Footprint=LED0603-RD New Footprint=LED0603-RD
Change Physical Footprint: Designator=BAT Old Footprint=CONN-SMD_1.0T-2P New Footprint=CONN-SMD_1.0T-2P
Change Physical Footprint: Designator=C1 Old Footprint=C0603 New Footprint=C0603
Change Physical Footprint: Designator=C2 Old Footprint=C0603 New Footprint=C0603
Change Physical Footprint: Designator=C3 Old Footprint=C0603 New Footprint=C0603
Change Physical Footprint: Designator=C4 Old Footprint=C0603 New Footprint=C0603
Change Physical Footprint: Designator=C5 Old Footprint=C0603 New Footprint=C0603
Change Physical Footprint: Designator=C6 Old Footprint=C1206 New Footprint=C1206
Change Physical Footprint: Designator=C7 Old Footprint=C1206 New Footprint=C1206
Change Physical Footprint: Designator=C8 Old Footprint=C1206 New Footprint=C1206
Change Physical Footprint: Designator=C9 Old Footprint=C1206 New Footprint=C1206
Change Physical Footprint: Designator=C10 Old Footprint=C1206 New Footprint=C1206
Change Physical Footprint: Designator=C11 Old Footprint=C1206 New Footprint=C1206
Change Physical Footprint: Designator=C12 Old Footprint=CAP-SMD_L3.2-W1.6-RD-C7171 New Footprint=CAP-SMD_L3.2-W1.6-RD-C7171
Change Physical Footprint: Designator=C13 Old Footprint=CAP-SMD_L3.2-W1.6-RD-C7171 New Footprint=CAP-SMD_L3.2-W1.6-RD-C7171
Change Physical Footprint: Designator=C14 Old Footprint=C0603 New Footprint=C0603
Change Physical Footprint: Designator=C15 Old Footprint=C0603 New Footprint=C0603
Change Physical Footprint: Designator=C16 Old Footprint=C0603 New Footprint=C0603
Change Physical Footprint: Designator=D1 Old Footprint=SOD-523_L1.2-W0.8-LS1.6-BI New Footprint=SOD-523_L1.2-W0.8-LS1.6-BI
Change Physical Footprint: Designator=D2 Old Footprint=SOD-523_L1.2-W0.8-LS1.6-BI New Footprint=SOD-523_L1.2-W0.8-LS1.6-BI
Change Physical Footprint: Designator=D3 Old Footprint=SOD-523_L1.2-W0.8-LS1.6-BI New Footprint=SOD-523_L1.2-W0.8-LS1.6-BI
Change Physical Footprint: Designator=FU1 Old Footprint=F0805 New Footprint=F0805
Change Physical Footprint: Designator=J1 Old Footprint=HDR-TH_10P-P2.54-V-M New Footprint=HDR-TH_10P-P2.54-V-M
Change Physical Footprint: Designator=J2 Old Footprint=HDR-TH_10P-P2.54-V-M New Footprint=HDR-TH_10P-P2.54-V-M
Change Physical Footprint: Designator=L1 Old Footprint=IND-SMD_L6.5-W6.5_IHLP-2525 New Footprint=IND-SMD_L6.5-W6.5_IHLP-2525
Change Physical Footprint: Designator=PWR Old Footprint=LED0603-RD New Footprint=LED0603-RD
Change Physical Footprint: Designator=Q1 Old Footprint=SOT-23-3_L2.9-W1.3-P1.90-LS2.4-BR New Footprint=SOT-23-3_L2.9-W1.3-P1.90-LS2.4-BR
Change Physical Footprint: Designator=Q2 Old Footprint=SOT-23-3_L2.9-W1.3-P1.90-LS2.4-BR New Footprint=SOT-23-3_L2.9-W1.3-P1.90-LS2.4-BR
Change Physical Footprint: Designator=R1 Old Footprint=R0603 New Footprint=R0603
Change Physical Footprint: Designator=R2 Old Footprint=R0603 New Footprint=R0603
Change Physical Footprint: Designator=R3 Old Footprint=R0603 New Footprint=R0603
Change Physical Footprint: Designator=R4 Old Footprint=R0603 New Footprint=R0603
Change Physical Footprint: Designator=R5 Old Footprint=R0603 New Footprint=R0603
Change Physical Footprint: Designator=R6 Old Footprint=R0603 New Footprint=R0603
Change Physical Footprint: Designator=R7 Old Footprint=R0603 New Footprint=R0603
Change Physical Footprint: Designator=R8 Old Footprint=R0603 New Footprint=R0603
Change Physical Footprint: Designator=R9 Old Footprint=R0603 New Footprint=R0603
Change Physical Footprint: Designator=SW1 Old Footprint=SW-TH_G-SWITCH_GT-TCB73B-H048-L1 New Footprint=SW-TH_G-SWITCH_GT-TCB73B-H048-L1
Change Physical Footprint: Designator=SW2 Old Footprint=SW-TH_SK12D07VG3 New Footprint=SW-TH_SK12D07VG3
Change Physical Footprint: Designator=SW3 Old Footprint=SW-SMD_L3.9-W3.0-P4.45 New Footprint=SW-SMD_L3.9-W3.0-P4.45
Change Physical Footprint: Designator=SW4 Old Footprint=SW-SMD_L3.9-W3.0-P4.45 New Footprint=SW-SMD_L3.9-W3.0-P4.45
Change Physical Footprint: Designator=U1 Old Footprint=WIFI-SMD_ESP32-WROOM-32E New Footprint=WIFI-SMD_ESP32-WROOM-32E
Change Physical Footprint: Designator=U2 Old Footprint=ESOP-8_L4.9-W3.9-P1.27-LS6.0-BL-EP New Footprint=ESOP-8_L4.9-W3.9-P1.27-LS6.0-BL-EP
Change Physical Footprint: Designator=U3 Old Footprint=SOT-223-3_L6.5-W3.4-P2.30-LS7.0-BR New Footprint=SOT-223-3_L6.5-W3.4-P2.30-LS7.0-BR
Change Physical Footprint: Designator=U4 Old Footprint=SOP-16_L10.0-W3.9-P1.27-LS6.0-BL New Footprint=SOP-16_L10.0-W3.9-P1.27-LS6.0-BL
Change Physical Footprint: Designator=USB1 Old Footprint=MICRO-USB-SMD_MICRO-USB-A17 New Footprint=MICRO-USB-SMD_MICRO-USB-A17
